<?xml version="1.0" encoding="UTF-8"?>
<!-- Generated by org.testng.reporters.JUnitReportReporter -->
<testsuite hostname="DESKTOP-LA9THFC" failures="0" tests="3" name="firstMavenProject.OrangeHrmLogin" time="25.445" errors="0" timestamp="2022-03-14T01:38:36 IST" skipped="0">
  <testcase classname="firstMavenProject.OrangeHrmLogin" name="VerifyForgotPass" time="5.676"/>
  <system-out/>
  <testcase classname="firstMavenProject.OrangeHrmLogin" name="Login" time="11.719"/>
  <system-out/>
  <testcase classname="firstMavenProject.OrangeHrmLogin" name="VerifyAdmin" time="8.050"/>
  <system-out/>
</testsuite> <!-- firstMavenProject.OrangeHrmLogin -->
